#
# There is insufficient memory for the Java Runtime Environment to continue.
# Native memory allocation (mmap) failed to map 242221056 bytes for G1 virtual space
# Possible reasons:
#   The system is out of physical RAM or swap space
#   The process is running with CompressedOops enabled, and the Java Heap may be blocking the growth of the native heap
# Possible solutions:
#   Reduce memory load on the system
#   Increase physical memory or swap space
#   Check if swap backing store is full
#   Decrease Java heap size (-Xmx/-Xms)
#   Decrease number of Java threads
#   Decrease Java thread stack sizes (-Xss)
#   Set larger code cache with -XX:ReservedCodeCacheSize=
#   JVM is running with Unscaled Compressed Oops mode in which the Java heap is
#     placed in the first 4GB address space. The Java Heap base address is the
#     maximum limit for the native heap growth. Please use -XX:HeapBaseMinAddress
#     to set the Java Heap base and to place the Java Heap above 4GB virtual address.
# This output file may be truncated or incomplete.
#
#  Out of Memory Error (os_windows.cpp:3552), pid=15796, tid=660
#
# JRE version: Java(TM) SE Runtime Environment (17.0.9+11) (build 17.0.9+11-LTS-201)
# Java VM: Java HotSpot(TM) 64-Bit Server VM (17.0.9+11-LTS-201, mixed mode, emulated-client, sharing, tiered, compressed oops, compressed class ptrs, g1 gc, windows-amd64)
# No core dump will be written. Minidumps are not enabled by default on client versions of Windows
#

---------------  S U M M A R Y ------------

Command Line: -XX:TieredStopAtLevel=1 -Dspring.output.ansi.enabled=always -Dcom.sun.management.jmxremote -Dspring.jmx.enabled=true -Dspring.liveBeansView.mbeanDomain -Dspring.application.admin.enabled=true -Dmanagement.endpoints.jmx.exposure.include=* -javaagent:C:\Program Files\JetBrains\IntelliJ IDEA 2022.3.2\lib\idea_rt.jar=51056:C:\Program Files\JetBrains\IntelliJ IDEA 2022.3.2\bin -Dfile.encoding=UTF-8 com.example.duantotnghiep.DuAnTotNghiepApplication

Host: Intel(R) Core(TM) i5-6440HQ CPU @ 2.60GHz, 4 cores, 7G,  Windows 10 , 64 bit Build 19041 (10.0.19041.5794)
Time: Mon Jun  9 16:22:40 2025 SE Asia Standard Time elapsed time: 36.872127 seconds (0d 0h 0m 36s)

---------------  T H R E A D  ---------------

Current thread (0x0000026268e7f8f0):  VMThread "VM Thread" [stack: 0x0000009f21d00000,0x0000009f21e00000] [id=660]

Stack: [0x0000009f21d00000,0x0000009f21e00000]
Native frames: (J=compiled Java code, j=interpreted, Vv=VM code, C=native code)
V  [jvm.dll+0x678a4a]
V  [jvm.dll+0x7d9cfd]
V  [jvm.dll+0x7db60e]
V  [jvm.dll+0x7dbc73]
V  [jvm.dll+0x245e1f]
V  [jvm.dll+0x6758f9]
V  [jvm.dll+0x66a2a2]
V  [jvm.dll+0x303686]
V  [jvm.dll+0x30ac06]
V  [jvm.dll+0x35a48e]
V  [jvm.dll+0x35a6bf]
V  [jvm.dll+0x2da678]
V  [jvm.dll+0x2d8a85]
V  [jvm.dll+0x2d808c]
V  [jvm.dll+0x31b97b]
V  [jvm.dll+0x7e048b]
V  [jvm.dll+0x7e11c4]
V  [jvm.dll+0x7e16dd]
V  [jvm.dll+0x7e1ab4]
V  [jvm.dll+0x7e1b80]
V  [jvm.dll+0x78998a]
V  [jvm.dll+0x677875]
C  [ucrtbase.dll+0x21bb2]
C  [KERNEL32.DLL+0x17374]
C  [ntdll.dll+0x4cc91]

VM_Operation (0x0000009f217f8ba0): G1CollectForAllocation, mode: safepoint, requested by thread 0x000002625774a310


---------------  P R O C E S S  ---------------

Threads class SMR info:
_java_thread_list=0x000002626f891070, length=21, elements={
0x000002625774a310, 0x0000026268e882c0, 0x0000026268e88e50, 0x0000026268e993d0,
0x0000026268e99f60, 0x0000026268e9b840, 0x0000026268e9c110, 0x0000026268e9ca90,
0x0000026268e9e7b0, 0x0000026268e6fe70, 0x000002626d615550, 0x000002626d615a30,
0x000002626d73fc20, 0x000002626da2f890, 0x000002626daa5020, 0x000002626e88cb10,
0x000002626e88bbe0, 0x000002626e889d80, 0x000002626e88d020, 0x000002626e889870,
0x000002626e88a290
}

Java Threads: ( => current thread )
  0x000002625774a310 JavaThread "main" [_thread_blocked, id=19348, stack(0x0000009f21700000,0x0000009f21800000)]
  0x0000026268e882c0 JavaThread "Reference Handler" daemon [_thread_blocked, id=19808, stack(0x0000009f21e00000,0x0000009f21f00000)]
  0x0000026268e88e50 JavaThread "Finalizer" daemon [_thread_blocked, id=20984, stack(0x0000009f21f00000,0x0000009f22000000)]
  0x0000026268e993d0 JavaThread "Signal Dispatcher" daemon [_thread_blocked, id=7360, stack(0x0000009f22000000,0x0000009f22100000)]
  0x0000026268e99f60 JavaThread "Attach Listener" daemon [_thread_blocked, id=11196, stack(0x0000009f22100000,0x0000009f22200000)]
  0x0000026268e9b840 JavaThread "Service Thread" daemon [_thread_blocked, id=13056, stack(0x0000009f22200000,0x0000009f22300000)]
  0x0000026268e9c110 JavaThread "Monitor Deflation Thread" daemon [_thread_blocked, id=20616, stack(0x0000009f22300000,0x0000009f22400000)]
  0x0000026268e9ca90 JavaThread "C1 CompilerThread0" daemon [_thread_blocked, id=1092, stack(0x0000009f22400000,0x0000009f22500000)]
  0x0000026268e9e7b0 JavaThread "Sweeper thread" daemon [_thread_blocked, id=19276, stack(0x0000009f22500000,0x0000009f22600000)]
  0x0000026268e6fe70 JavaThread "Common-Cleaner" daemon [_thread_blocked, id=5604, stack(0x0000009f22600000,0x0000009f22700000)]
  0x000002626d615550 JavaThread "Monitor Ctrl-Break" daemon [_thread_in_native, id=18772, stack(0x0000009f22900000,0x0000009f22a00000)]
  0x000002626d615a30 JavaThread "Notification Thread" daemon [_thread_blocked, id=9468, stack(0x0000009f22a00000,0x0000009f22b00000)]
  0x000002626d73fc20 JavaThread "RMI TCP Accept-0" daemon [_thread_in_native, id=20472, stack(0x0000009f22b00000,0x0000009f22c00000)]
  0x000002626da2f890 JavaThread "RMI TCP Connection(idle)" daemon [_thread_blocked, id=20804, stack(0x0000009f23000000,0x0000009f23100000)]
  0x000002626daa5020 JavaThread "RMI Scheduler(0)" daemon [_thread_blocked, id=15028, stack(0x0000009f23100000,0x0000009f23200000)]
  0x000002626e88cb10 JavaThread "Catalina-utility-1" [_thread_blocked, id=14992, stack(0x0000009f23200000,0x0000009f23300000)]
  0x000002626e88bbe0 JavaThread "Catalina-utility-2" [_thread_blocked, id=16164, stack(0x0000009f23300000,0x0000009f23400000)]
  0x000002626e889d80 JavaThread "container-0" [_thread_blocked, id=9824, stack(0x0000009f23400000,0x0000009f23500000)]
  0x000002626e88d020 JavaThread "RMI TCP Connection(3)-192.168.56.1" daemon [_thread_blocked, id=12992, stack(0x0000009f23500000,0x0000009f23600000)]
  0x000002626e889870 JavaThread "mssql-jdbc-shared-timer-core-0" daemon [_thread_blocked, id=2172, stack(0x0000009f23600000,0x0000009f23700000)]
  0x000002626e88a290 JavaThread "HikariPool-1 housekeeper" daemon [_thread_blocked, id=20884, stack(0x0000009f23800000,0x0000009f23900000)]

Other Threads:
=>0x0000026268e7f8f0 VMThread "VM Thread" [stack: 0x0000009f21d00000,0x0000009f21e00000] [id=660]
  0x000002626d661450 WatcherThread [stack: 0x0000009f22f00000,0x0000009f23000000] [id=1452]
  0x00000262577a32a0 GCTaskThread "GC Thread#0" [stack: 0x0000009f21800000,0x0000009f21900000] [id=9908]
  0x000002626d7593c0 GCTaskThread "GC Thread#1" [stack: 0x0000009f22c00000,0x0000009f22d00000] [id=23472]
  0x000002626d759680 GCTaskThread "GC Thread#2" [stack: 0x0000009f22d00000,0x0000009f22e00000] [id=20536]
  0x000002626d79c3c0 GCTaskThread "GC Thread#3" [stack: 0x0000009f22e00000,0x0000009f22f00000] [id=10212]
  0x00000262577b3c80 ConcurrentGCThread "G1 Main Marker" [stack: 0x0000009f21900000,0x0000009f21a00000] [id=13624]
  0x00000262577b44a0 ConcurrentGCThread "G1 Conc#0" [stack: 0x0000009f21a00000,0x0000009f21b00000] [id=23416]
  0x00000262578086c0 ConcurrentGCThread "G1 Refine#0" [stack: 0x0000009f21b00000,0x0000009f21c00000] [id=19136]
  0x000002626edda650 ConcurrentGCThread "G1 Refine#1" [stack: 0x0000009f22700000,0x0000009f22800000] [id=19856]
  0x000002626eddc0c0 ConcurrentGCThread "G1 Refine#2" [stack: 0x0000009f23900000,0x0000009f23a00000] [id=21284]
  0x0000026268d400a0 ConcurrentGCThread "G1 Service" [stack: 0x0000009f21c00000,0x0000009f21d00000] [id=16024]

Threads with active compile tasks:

VM state: at safepoint (normal execution)

VM Mutex/Monitor currently owned by a thread:  ([mutex/lock_event])
[0x0000026257745740] Threads_lock - owner thread: 0x0000026268e7f8f0
[0x0000026257745b30] Heap_lock - owner thread: 0x000002625774a310

Heap address: 0x0000000081c00000, size: 2020 MB, Compressed Oops mode: 32-bit

CDS archive(s) mapped at: [0x0000026200000000-0x0000026200bd0000-0x0000026200bd0000), size 12386304, SharedBaseAddress: 0x0000026200000000, ArchiveRelocationMode: 1.
Compressed class space mapped at: 0x0000026201000000-0x0000026241000000, reserved size: 1073741824
Narrow klass base: 0x0000026200000000, Narrow klass shift: 0, Narrow klass range: 0x100000000

GC Precious Log:
 CPUs: 4 total, 4 available
 Memory: 8073M
 Large Page Support: Disabled
 NUMA Support: Disabled
 Compressed Oops: Enabled (32-bit)
 Heap Region Size: 1M
 Heap Min Capacity: 8M
 Heap Initial Capacity: 128M
 Heap Max Capacity: 2020M
 Pre-touch: Disabled
 Parallel Workers: 4
 Concurrent Workers: 1
 Concurrent Refinement Workers: 4
 Periodic GC: Disabled

Heap:
 garbage-first heap   total 237568K, used 109597K [0x0000000081c00000, 0x0000000100000000)
  region size 1024K, 8 young (8192K), 8 survivors (8192K)
 Metaspace       used 69931K, committed 70592K, reserved 1114112K
  class space    used 10313K, committed 10624K, reserved 1048576K

Heap Regions: E=young(eden), S=young(survivor), O=old, HS=humongous(starts), HC=humongous(continues), CS=collection set, F=free, OA=open archive, CA=closed archive, TAMS=top-at-mark-start (previous, next)
|   0|0x0000000081c00000, 0x0000000081d00000, 0x0000000081d00000|100%|HS|  |TAMS 0x0000000081d00000, 0x0000000081d00000| Complete 
|   1|0x0000000081d00000, 0x0000000081e00000, 0x0000000081e00000|100%|HS|  |TAMS 0x0000000081e00000, 0x0000000081e00000| Complete 
|   2|0x0000000081e00000, 0x0000000081f00000, 0x0000000081f00000|100%| O|  |TAMS 0x0000000081f00000, 0x0000000081f00000| Untracked 
|   3|0x0000000081f00000, 0x0000000082000000, 0x0000000082000000|100%| O|  |TAMS 0x0000000082000000, 0x0000000082000000| Untracked 
|   4|0x0000000082000000, 0x0000000082100000, 0x0000000082100000|100%| O|  |TAMS 0x0000000082100000, 0x0000000082100000| Untracked 
|   5|0x0000000082100000, 0x0000000082200000, 0x0000000082200000|100%| O|  |TAMS 0x0000000082200000, 0x0000000082200000| Untracked 
|   6|0x0000000082200000, 0x0000000082300000, 0x0000000082300000|100%| O|  |TAMS 0x0000000082300000, 0x0000000082300000| Untracked 
|   7|0x0000000082300000, 0x0000000082400000, 0x0000000082400000|100%| O|  |TAMS 0x0000000082400000, 0x0000000082400000| Untracked 
|   8|0x0000000082400000, 0x0000000082500000, 0x0000000082500000|100%| O|  |TAMS 0x0000000082500000, 0x0000000082500000| Untracked 
|   9|0x0000000082500000, 0x0000000082600000, 0x0000000082600000|100%| O|  |TAMS 0x0000000082500000, 0x0000000082600000| Untracked 
|  10|0x0000000082600000, 0x0000000082700000, 0x0000000082700000|100%| O|  |TAMS 0x0000000082700000, 0x0000000082700000| Untracked 
|  11|0x0000000082700000, 0x0000000082800000, 0x0000000082800000|100%| O|  |TAMS 0x0000000082800000, 0x0000000082800000| Untracked 
|  12|0x0000000082800000, 0x0000000082900000, 0x0000000082900000|100%| O|  |TAMS 0x0000000082900000, 0x0000000082900000| Untracked 
|  13|0x0000000082900000, 0x0000000082a00000, 0x0000000082a00000|100%| O|  |TAMS 0x0000000082a00000, 0x0000000082a00000| Untracked 
|  14|0x0000000082a00000, 0x0000000082b00000, 0x0000000082b00000|100%| O|  |TAMS 0x0000000082b00000, 0x0000000082b00000| Untracked 
|  15|0x0000000082b00000, 0x0000000082c00000, 0x0000000082c00000|100%| O|  |TAMS 0x0000000082c00000, 0x0000000082c00000| Untracked 
|  16|0x0000000082c00000, 0x0000000082d00000, 0x0000000082d00000|100%| O|  |TAMS 0x0000000082d00000, 0x0000000082d00000| Untracked 
|  17|0x0000000082d00000, 0x0000000082e00000, 0x0000000082e00000|100%| O|  |TAMS 0x0000000082e00000, 0x0000000082e00000| Untracked 
|  18|0x0000000082e00000, 0x0000000082f00000, 0x0000000082f00000|100%| O|  |TAMS 0x0000000082f00000, 0x0000000082f00000| Untracked 
|  19|0x0000000082f00000, 0x0000000083000000, 0x0000000083000000|100%| O|  |TAMS 0x0000000083000000, 0x0000000083000000| Untracked 
|  20|0x0000000083000000, 0x0000000083100000, 0x0000000083100000|100%| O|  |TAMS 0x0000000083100000, 0x0000000083100000| Untracked 
|  21|0x0000000083100000, 0x0000000083200000, 0x0000000083200000|100%| O|  |TAMS 0x0000000083200000, 0x0000000083200000| Untracked 
|  22|0x0000000083200000, 0x0000000083300000, 0x0000000083300000|100%| O|  |TAMS 0x0000000083300000, 0x0000000083300000| Untracked 
|  23|0x0000000083300000, 0x0000000083400000, 0x0000000083400000|100%| O|  |TAMS 0x0000000083400000, 0x0000000083400000| Untracked 
|  24|0x0000000083400000, 0x0000000083500000, 0x0000000083500000|100%| O|  |TAMS 0x0000000083500000, 0x0000000083500000| Untracked 
|  25|0x0000000083500000, 0x0000000083600000, 0x0000000083600000|100%| O|  |TAMS 0x0000000083600000, 0x0000000083600000| Untracked 
|  26|0x0000000083600000, 0x0000000083700000, 0x0000000083700000|100%| O|  |TAMS 0x0000000083700000, 0x0000000083700000| Untracked 
|  27|0x0000000083700000, 0x0000000083800000, 0x0000000083800000|100%| O|  |TAMS 0x0000000083800000, 0x0000000083800000| Untracked 
|  28|0x0000000083800000, 0x0000000083900000, 0x0000000083900000|100%| O|  |TAMS 0x0000000083900000, 0x0000000083900000| Untracked 
|  29|0x0000000083900000, 0x0000000083a00000, 0x0000000083a00000|100%| O|  |TAMS 0x0000000083a00000, 0x0000000083a00000| Untracked 
|  30|0x0000000083a00000, 0x0000000083b00000, 0x0000000083b00000|100%| O|  |TAMS 0x0000000083b00000, 0x0000000083b00000| Untracked 
|  31|0x0000000083b00000, 0x0000000083c00000, 0x0000000083c00000|100%| O|  |TAMS 0x0000000083c00000, 0x0000000083c00000| Untracked 
|  32|0x0000000083c00000, 0x0000000083d00000, 0x0000000083d00000|100%| O|  |TAMS 0x0000000083d00000, 0x0000000083d00000| Untracked 
|  33|0x0000000083d00000, 0x0000000083e00000, 0x0000000083e00000|100%| O|  |TAMS 0x0000000083e00000, 0x0000000083e00000| Untracked 
|  34|0x0000000083e00000, 0x0000000083f00000, 0x0000000083f00000|100%| O|  |TAMS 0x0000000083f00000, 0x0000000083f00000| Untracked 
|  35|0x0000000083f00000, 0x0000000084000000, 0x0000000084000000|100%| O|  |TAMS 0x0000000084000000, 0x0000000084000000| Untracked 
|  36|0x0000000084000000, 0x0000000084100000, 0x0000000084100000|100%| O|  |TAMS 0x0000000084100000, 0x0000000084100000| Untracked 
|  37|0x0000000084100000, 0x0000000084200000, 0x0000000084200000|100%| O|  |TAMS 0x0000000084200000, 0x0000000084200000| Untracked 
|  38|0x0000000084200000, 0x0000000084300000, 0x0000000084300000|100%| O|  |TAMS 0x0000000084200000, 0x0000000084300000| Untracked 
|  39|0x0000000084300000, 0x0000000084400000, 0x0000000084400000|100%| O|  |TAMS 0x0000000084300000, 0x0000000084400000| Untracked 
|  40|0x0000000084400000, 0x0000000084500000, 0x0000000084500000|100%| O|  |TAMS 0x0000000084400000, 0x0000000084500000| Untracked 
|  41|0x0000000084500000, 0x0000000084600000, 0x0000000084600000|100%| O|  |TAMS 0x0000000084600000, 0x0000000084600000| Untracked 
|  42|0x0000000084600000, 0x0000000084700000, 0x0000000084700000|100%|HS|  |TAMS 0x0000000084600000, 0x0000000084700000| Complete 
|  43|0x0000000084700000, 0x0000000084800000, 0x0000000084800000|100%| O|  |TAMS 0x0000000084800000, 0x0000000084800000| Untracked 
|  44|0x0000000084800000, 0x0000000084900000, 0x0000000084900000|100%| O|  |TAMS 0x0000000084900000, 0x0000000084900000| Untracked 
|  45|0x0000000084900000, 0x0000000084a00000, 0x0000000084a00000|100%| O|  |TAMS 0x0000000084900000, 0x0000000084a00000| Untracked 
|  46|0x0000000084a00000, 0x0000000084b00000, 0x0000000084b00000|100%|HS|  |TAMS 0x0000000084a00000, 0x0000000084b00000| Complete 
|  47|0x0000000084b00000, 0x0000000084c00000, 0x0000000084c00000|100%|HC|  |TAMS 0x0000000084b00000, 0x0000000084c00000| Complete 
|  48|0x0000000084c00000, 0x0000000084d00000, 0x0000000084d00000|100%| O|  |TAMS 0x0000000084c00000, 0x0000000084d00000| Untracked 
|  49|0x0000000084d00000, 0x0000000084e00000, 0x0000000084e00000|100%| O|  |TAMS 0x0000000084e00000, 0x0000000084e00000| Untracked 
|  50|0x0000000084e00000, 0x0000000084f00000, 0x0000000084f00000|100%| O|  |TAMS 0x0000000084e00000, 0x0000000084f00000| Untracked 
|  51|0x0000000084f00000, 0x0000000085000000, 0x0000000085000000|100%| O|  |TAMS 0x0000000084f00000, 0x0000000085000000| Untracked 
|  52|0x0000000085000000, 0x0000000085100000, 0x0000000085100000|100%| O|  |TAMS 0x0000000085100000, 0x0000000085100000| Untracked 
|  53|0x0000000085100000, 0x0000000085200000, 0x0000000085200000|100%| O|  |TAMS 0x0000000085100000, 0x0000000085200000| Untracked 
|  54|0x0000000085200000, 0x0000000085300000, 0x0000000085300000|100%| O|  |TAMS 0x0000000085200000, 0x0000000085300000| Untracked 
|  55|0x0000000085300000, 0x0000000085400000, 0x0000000085400000|100%| O|  |TAMS 0x0000000085400000, 0x0000000085400000| Untracked 
|  56|0x0000000085400000, 0x0000000085500000, 0x0000000085500000|100%| O|  |TAMS 0x0000000085500000, 0x0000000085500000| Untracked 
|  57|0x0000000085500000, 0x0000000085600000, 0x0000000085600000|100%| O|  |TAMS 0x0000000085600000, 0x0000000085600000| Untracked 
|  58|0x0000000085600000, 0x0000000085700000, 0x0000000085700000|100%| O|  |TAMS 0x0000000085600000, 0x0000000085700000| Untracked 
|  59|0x0000000085700000, 0x0000000085800000, 0x0000000085800000|100%| O|  |TAMS 0x0000000085700000, 0x0000000085800000| Untracked 
|  60|0x0000000085800000, 0x0000000085887400, 0x0000000085900000| 52%| O|  |TAMS 0x0000000085887400, 0x0000000085887400| Untracked 
|  61|0x0000000085900000, 0x0000000085a00000, 0x0000000085a00000|100%| O|  |TAMS 0x0000000085900000, 0x0000000085a00000| Untracked 
|  62|0x0000000085a00000, 0x0000000085b00000, 0x0000000085b00000|100%| O|  |TAMS 0x0000000085a00000, 0x0000000085b00000| Untracked 
|  63|0x0000000085b00000, 0x0000000085c00000, 0x0000000085c00000|100%| O|  |TAMS 0x0000000085b00000, 0x0000000085c00000| Untracked 
|  64|0x0000000085c00000, 0x0000000085d00000, 0x0000000085d00000|100%| O|  |TAMS 0x0000000085c00000, 0x0000000085d00000| Untracked 
|  65|0x0000000085d00000, 0x0000000085e00000, 0x0000000085e00000|100%| O|  |TAMS 0x0000000085d00000, 0x0000000085e00000| Untracked 
|  66|0x0000000085e00000, 0x0000000085f00000, 0x0000000085f00000|100%| O|  |TAMS 0x0000000085e00000, 0x0000000085f00000| Untracked 
|  67|0x0000000085f00000, 0x0000000086000000, 0x0000000086000000|100%| O|  |TAMS 0x0000000085f00000, 0x0000000086000000| Untracked 
|  68|0x0000000086000000, 0x0000000086100000, 0x0000000086100000|100%| O|  |TAMS 0x0000000086000000, 0x0000000086100000| Untracked 
|  69|0x0000000086100000, 0x0000000086200000, 0x0000000086200000|100%| O|  |TAMS 0x0000000086100000, 0x0000000086200000| Untracked 
|  70|0x0000000086200000, 0x0000000086300000, 0x0000000086300000|100%| O|  |TAMS 0x0000000086200000, 0x0000000086300000| Untracked 
|  71|0x0000000086300000, 0x0000000086400000, 0x0000000086400000|100%| O|  |TAMS 0x0000000086300000, 0x0000000086400000| Untracked 
|  72|0x0000000086400000, 0x0000000086500000, 0x0000000086500000|100%| O|  |TAMS 0x0000000086400000, 0x0000000086500000| Untracked 
|  73|0x0000000086500000, 0x0000000086600000, 0x0000000086600000|100%| O|  |TAMS 0x0000000086500000, 0x0000000086600000| Untracked 
|  74|0x0000000086600000, 0x0000000086700000, 0x0000000086700000|100%| O|  |TAMS 0x0000000086600000, 0x0000000086700000| Untracked 
|  75|0x0000000086700000, 0x0000000086800000, 0x0000000086800000|100%| O|  |TAMS 0x0000000086700000, 0x0000000086800000| Untracked 
|  76|0x0000000086800000, 0x0000000086900000, 0x0000000086900000|100%| O|  |TAMS 0x0000000086800000, 0x0000000086900000| Untracked 
|  77|0x0000000086900000, 0x0000000086a00000, 0x0000000086a00000|100%| O|  |TAMS 0x0000000086900000, 0x0000000086a00000| Untracked 
|  78|0x0000000086a00000, 0x0000000086b00000, 0x0000000086b00000|100%| O|  |TAMS 0x0000000086a00000, 0x0000000086b00000| Untracked 
|  79|0x0000000086b00000, 0x0000000086c00000, 0x0000000086c00000|100%| O|  |TAMS 0x0000000086b00000, 0x0000000086c00000| Untracked 
|  80|0x0000000086c00000, 0x0000000086d00000, 0x0000000086d00000|100%| O|  |TAMS 0x0000000086c00000, 0x0000000086d00000| Untracked 
|  81|0x0000000086d00000, 0x0000000086e00000, 0x0000000086e00000|100%| O|  |TAMS 0x0000000086d00000, 0x0000000086e00000| Untracked 
|  82|0x0000000086e00000, 0x0000000086f00000, 0x0000000086f00000|100%| O|  |TAMS 0x0000000086e00000, 0x0000000086f00000| Untracked 
|  83|0x0000000086f00000, 0x0000000087000000, 0x0000000087000000|100%| O|  |TAMS 0x0000000086f00000, 0x0000000087000000| Untracked 
|  84|0x0000000087000000, 0x0000000087100000, 0x0000000087100000|100%| O|  |TAMS 0x0000000087000000, 0x0000000087100000| Untracked 
|  85|0x0000000087100000, 0x0000000087200000, 0x0000000087200000|100%| O|  |TAMS 0x0000000087100000, 0x0000000087200000| Untracked 
|  86|0x0000000087200000, 0x0000000087300000, 0x0000000087300000|100%| O|  |TAMS 0x0000000087200000, 0x0000000087300000| Untracked 
|  87|0x0000000087300000, 0x0000000087400000, 0x0000000087400000|100%| O|  |TAMS 0x0000000087300000, 0x0000000087400000| Untracked 
|  88|0x0000000087400000, 0x0000000087500000, 0x0000000087500000|100%| O|  |TAMS 0x0000000087400000, 0x0000000087500000| Untracked 
|  89|0x0000000087500000, 0x0000000087600000, 0x0000000087600000|100%| O|  |TAMS 0x0000000087500000, 0x0000000087600000| Untracked 
|  90|0x0000000087600000, 0x0000000087700000, 0x0000000087700000|100%| O|  |TAMS 0x0000000087600000, 0x0000000087700000| Untracked 
|  91|0x0000000087700000, 0x0000000087800000, 0x0000000087800000|100%| O|  |TAMS 0x0000000087700000, 0x0000000087800000| Untracked 
|  92|0x0000000087800000, 0x0000000087900000, 0x0000000087900000|100%| O|  |TAMS 0x0000000087800000, 0x0000000087900000| Untracked 
|  93|0x0000000087900000, 0x0000000087a00000, 0x0000000087a00000|100%| O|  |TAMS 0x0000000087900000, 0x0000000087a00000| Untracked 
|  94|0x0000000087a00000, 0x0000000087b00000, 0x0000000087b00000|100%| O|  |TAMS 0x0000000087a00000, 0x0000000087b00000| Untracked 
|  95|0x0000000087b00000, 0x0000000087c00000, 0x0000000087c00000|100%| O|  |TAMS 0x0000000087b00000, 0x0000000087c00000| Untracked 
|  96|0x0000000087c00000, 0x0000000087d00000, 0x0000000087d00000|100%| O|  |TAMS 0x0000000087c00000, 0x0000000087d00000| Untracked 
|  97|0x0000000087d00000, 0x0000000087e00000, 0x0000000087e00000|100%| O|  |TAMS 0x0000000087d00000, 0x0000000087d80000| Untracked 
|  98|0x0000000087e00000, 0x0000000087f00000, 0x0000000087f00000|100%| O|  |TAMS 0x0000000087e00000, 0x0000000087e00000| Untracked 
|  99|0x0000000087f00000, 0x0000000087f80000, 0x0000000088000000| 50%| O|  |TAMS 0x0000000087f00000, 0x0000000087f00000| Untracked 
| 100|0x0000000088000000, 0x0000000088000000, 0x0000000088100000|  0%| F|  |TAMS 0x0000000088000000, 0x0000000088000000| Untracked 
| 101|0x0000000088100000, 0x0000000088100000, 0x0000000088200000|  0%| F|  |TAMS 0x0000000088100000, 0x0000000088100000| Untracked 
| 102|0x0000000088200000, 0x0000000088200000, 0x0000000088300000|  0%| F|  |TAMS 0x0000000088200000, 0x0000000088200000| Untracked 
| 103|0x0000000088300000, 0x0000000088300000, 0x0000000088400000|  0%| F|  |TAMS 0x0000000088300000, 0x0000000088300000| Untracked 
| 104|0x0000000088400000, 0x0000000088400000, 0x0000000088500000|  0%| F|  |TAMS 0x0000000088400000, 0x0000000088400000| Untracked 
| 105|0x0000000088500000, 0x0000000088500000, 0x0000000088600000|  0%| F|  |TAMS 0x0000000088500000, 0x0000000088500000| Untracked 
| 106|0x0000000088600000, 0x0000000088600000, 0x0000000088700000|  0%| F|  |TAMS 0x0000000088600000, 0x0000000088600000| Untracked 
| 107|0x0000000088700000, 0x0000000088700000, 0x0000000088800000|  0%| F|  |TAMS 0x0000000088700000, 0x0000000088700000| Untracked 
| 108|0x0000000088800000, 0x0000000088800000, 0x0000000088900000|  0%| F|  |TAMS 0x0000000088800000, 0x0000000088800000| Untracked 
| 109|0x0000000088900000, 0x0000000088900000, 0x0000000088a00000|  0%| F|  |TAMS 0x0000000088900000, 0x0000000088900000| Untracked 
| 110|0x0000000088a00000, 0x0000000088a00000, 0x0000000088b00000|  0%| F|  |TAMS 0x0000000088a00000, 0x0000000088a00000| Untracked 
| 111|0x0000000088b00000, 0x0000000088b00000, 0x0000000088c00000|  0%| F|  |TAMS 0x0000000088b00000, 0x0000000088b00000| Untracked 
| 112|0x0000000088c00000, 0x0000000088c00000, 0x0000000088d00000|  0%| F|  |TAMS 0x0000000088c00000, 0x0000000088c00000| Untracked 
| 113|0x0000000088d00000, 0x0000000088d00000, 0x0000000088e00000|  0%| F|  |TAMS 0x0000000088d00000, 0x0000000088d00000| Untracked 
| 114|0x0000000088e00000, 0x0000000088e00000, 0x0000000088f00000|  0%| F|  |TAMS 0x0000000088e00000, 0x0000000088e00000| Untracked 
| 115|0x0000000088f00000, 0x0000000088f00000, 0x0000000089000000|  0%| F|  |TAMS 0x0000000088f00000, 0x0000000088f00000| Untracked 
| 116|0x0000000089000000, 0x0000000089000000, 0x0000000089100000|  0%| F|  |TAMS 0x0000000089000000, 0x0000000089000000| Untracked 
| 117|0x0000000089100000, 0x0000000089100000, 0x0000000089200000|  0%| F|  |TAMS 0x0000000089100000, 0x0000000089100000| Untracked 
| 118|0x0000000089200000, 0x0000000089200000, 0x0000000089300000|  0%| F|  |TAMS 0x0000000089200000, 0x0000000089200000| Untracked 
| 119|0x0000000089300000, 0x0000000089300000, 0x0000000089400000|  0%| F|  |TAMS 0x0000000089300000, 0x0000000089300000| Untracked 
| 120|0x0000000089400000, 0x0000000089400000, 0x0000000089500000|  0%| F|  |TAMS 0x0000000089400000, 0x0000000089400000| Untracked 
| 121|0x0000000089500000, 0x0000000089500000, 0x0000000089600000|  0%| F|  |TAMS 0x0000000089500000, 0x0000000089500000| Untracked 
| 122|0x0000000089600000, 0x0000000089600000, 0x0000000089700000|  0%| F|  |TAMS 0x0000000089600000, 0x0000000089600000| Untracked 
| 123|0x0000000089700000, 0x0000000089700000, 0x0000000089800000|  0%| F|  |TAMS 0x0000000089700000, 0x0000000089700000| Untracked 
| 124|0x0000000089800000, 0x0000000089800000, 0x0000000089900000|  0%| F|  |TAMS 0x0000000089800000, 0x0000000089800000| Untracked 
| 125|0x0000000089900000, 0x0000000089900000, 0x0000000089a00000|  0%| F|  |TAMS 0x0000000089900000, 0x0000000089900000| Untracked 
| 126|0x0000000089a00000, 0x0000000089a00000, 0x0000000089b00000|  0%| F|  |TAMS 0x0000000089a00000, 0x0000000089a00000| Untracked 
| 127|0x0000000089b00000, 0x0000000089b00000, 0x0000000089c00000|  0%| F|  |TAMS 0x0000000089b00000, 0x0000000089b00000| Untracked 
| 128|0x0000000089c00000, 0x0000000089c00000, 0x0000000089d00000|  0%| F|  |TAMS 0x0000000089c00000, 0x0000000089c00000| Untracked 
| 129|0x0000000089d00000, 0x0000000089d00000, 0x0000000089e00000|  0%| F|  |TAMS 0x0000000089d00000, 0x0000000089d00000| Untracked 
| 130|0x0000000089e00000, 0x0000000089e00000, 0x0000000089f00000|  0%| F|  |TAMS 0x0000000089e00000, 0x0000000089e00000| Untracked 
| 131|0x0000000089f00000, 0x0000000089f00000, 0x000000008a000000|  0%| F|  |TAMS 0x0000000089f00000, 0x0000000089f00000| Untracked 
| 132|0x000000008a000000, 0x000000008a000000, 0x000000008a100000|  0%| F|  |TAMS 0x000000008a000000, 0x000000008a000000| Untracked 
| 133|0x000000008a100000, 0x000000008a100000, 0x000000008a200000|  0%| F|  |TAMS 0x000000008a100000, 0x000000008a100000| Untracked 
| 134|0x000000008a200000, 0x000000008a200000, 0x000000008a300000|  0%| F|  |TAMS 0x000000008a200000, 0x000000008a200000| Untracked 
| 135|0x000000008a300000, 0x000000008a300000, 0x000000008a400000|  0%| F|  |TAMS 0x000000008a300000, 0x000000008a300000| Untracked 
| 136|0x000000008a400000, 0x000000008a400000, 0x000000008a500000|  0%| F|  |TAMS 0x000000008a400000, 0x000000008a400000| Untracked 
| 137|0x000000008a500000, 0x000000008a500000, 0x000000008a600000|  0%| F|  |TAMS 0x000000008a500000, 0x000000008a500000| Untracked 
| 138|0x000000008a600000, 0x000000008a600000, 0x000000008a700000|  0%| F|  |TAMS 0x000000008a600000, 0x000000008a600000| Untracked 
| 139|0x000000008a700000, 0x000000008a700000, 0x000000008a800000|  0%| F|  |TAMS 0x000000008a700000, 0x000000008a700000| Untracked 
| 140|0x000000008a800000, 0x000000008a800000, 0x000000008a900000|  0%| F|  |TAMS 0x000000008a800000, 0x000000008a800000| Untracked 
| 141|0x000000008a900000, 0x000000008a900000, 0x000000008aa00000|  0%| F|  |TAMS 0x000000008a900000, 0x000000008a900000| Untracked 
| 142|0x000000008aa00000, 0x000000008aa00000, 0x000000008ab00000|  0%| F|  |TAMS 0x000000008aa00000, 0x000000008aa00000| Untracked 
| 143|0x000000008ab00000, 0x000000008ab00000, 0x000000008ac00000|  0%| F|  |TAMS 0x000000008ab00000, 0x000000008ab00000| Untracked 
| 144|0x000000008ac00000, 0x000000008ac00000, 0x000000008ad00000|  0%| F|  |TAMS 0x000000008ac00000, 0x000000008ac00000| Untracked 
| 145|0x000000008ad00000, 0x000000008ae00000, 0x000000008ae00000|100%| S|CS|TAMS 0x000000008ad00000, 0x000000008ad00000| Complete 
| 146|0x000000008ae00000, 0x000000008af00000, 0x000000008af00000|100%| S|CS|TAMS 0x000000008ae00000, 0x000000008ae00000| Complete 
| 147|0x000000008af00000, 0x000000008b000000, 0x000000008b000000|100%| S|CS|TAMS 0x000000008af00000, 0x000000008af00000| Complete 
| 148|0x000000008b000000, 0x000000008b100000, 0x000000008b100000|100%| S|CS|TAMS 0x000000008b000000, 0x000000008b000000| Complete 
| 149|0x000000008b100000, 0x000000008b200000, 0x000000008b200000|100%| S|CS|TAMS 0x000000008b100000, 0x000000008b100000| Complete 
| 150|0x000000008b200000, 0x000000008b300000, 0x000000008b300000|100%| S|CS|TAMS 0x000000008b200000, 0x000000008b200000| Complete 
| 151|0x000000008b300000, 0x000000008b400000, 0x000000008b400000|100%| S|CS|TAMS 0x000000008b300000, 0x000000008b300000| Complete 
| 152|0x000000008b400000, 0x000000008b500000, 0x000000008b500000|100%| S|CS|TAMS 0x000000008b400000, 0x000000008b400000| Complete 
| 153|0x000000008b500000, 0x000000008b500000, 0x000000008b600000|  0%| F|  |TAMS 0x000000008b500000, 0x000000008b500000| Untracked 
| 154|0x000000008b600000, 0x000000008b600000, 0x000000008b700000|  0%| F|  |TAMS 0x000000008b600000, 0x000000008b600000| Untracked 
| 155|0x000000008b700000, 0x000000008b700000, 0x000000008b800000|  0%| F|  |TAMS 0x000000008b700000, 0x000000008b700000| Untracked 
| 156|0x000000008b800000, 0x000000008b800000, 0x000000008b900000|  0%| F|  |TAMS 0x000000008b800000, 0x000000008b800000| Untracked 
| 157|0x000000008b900000, 0x000000008b900000, 0x000000008ba00000|  0%| F|  |TAMS 0x000000008b900000, 0x000000008b900000| Untracked 
| 158|0x000000008ba00000, 0x000000008ba00000, 0x000000008bb00000|  0%| F|  |TAMS 0x000000008ba00000, 0x000000008ba00000| Untracked 
| 159|0x000000008bb00000, 0x000000008bb00000, 0x000000008bc00000|  0%| F|  |TAMS 0x000000008bb00000, 0x000000008bb00000| Untracked 
| 160|0x000000008bc00000, 0x000000008bc00000, 0x000000008bd00000|  0%| F|  |TAMS 0x000000008bc00000, 0x000000008bc00000| Untracked 
| 161|0x000000008bd00000, 0x000000008bd00000, 0x000000008be00000|  0%| F|  |TAMS 0x000000008bd00000, 0x000000008bd00000| Untracked 
| 162|0x000000008be00000, 0x000000008be00000, 0x000000008bf00000|  0%| F|  |TAMS 0x000000008be00000, 0x000000008be00000| Untracked 
| 163|0x000000008bf00000, 0x000000008bf00000, 0x000000008c000000|  0%| F|  |TAMS 0x000000008bf00000, 0x000000008bf00000| Untracked 
| 164|0x000000008c000000, 0x000000008c000000, 0x000000008c100000|  0%| F|  |TAMS 0x000000008c000000, 0x000000008c000000| Untracked 
| 165|0x000000008c100000, 0x000000008c100000, 0x000000008c200000|  0%| F|  |TAMS 0x000000008c100000, 0x000000008c100000| Untracked 
| 166|0x000000008c200000, 0x000000008c200000, 0x000000008c300000|  0%| F|  |TAMS 0x000000008c200000, 0x000000008c200000| Untracked 
| 167|0x000000008c300000, 0x000000008c300000, 0x000000008c400000|  0%| F|  |TAMS 0x000000008c300000, 0x000000008c300000| Untracked 
| 168|0x000000008c400000, 0x000000008c400000, 0x000000008c500000|  0%| F|  |TAMS 0x000000008c400000, 0x000000008c400000| Untracked 
| 169|0x000000008c500000, 0x000000008c500000, 0x000000008c600000|  0%| F|  |TAMS 0x000000008c500000, 0x000000008c500000| Untracked 
| 170|0x000000008c600000, 0x000000008c600000, 0x000000008c700000|  0%| F|  |TAMS 0x000000008c600000, 0x000000008c600000| Untracked 
| 171|0x000000008c700000, 0x000000008c700000, 0x000000008c800000|  0%| F|  |TAMS 0x000000008c700000, 0x000000008c700000| Untracked 
| 172|0x000000008c800000, 0x000000008c800000, 0x000000008c900000|  0%| F|  |TAMS 0x000000008c800000, 0x000000008c800000| Untracked 
| 173|0x000000008c900000, 0x000000008c900000, 0x000000008ca00000|  0%| F|  |TAMS 0x000000008c900000, 0x000000008c900000| Untracked 
| 174|0x000000008ca00000, 0x000000008ca00000, 0x000000008cb00000|  0%| F|  |TAMS 0x000000008ca00000, 0x000000008ca00000| Untracked 
| 175|0x000000008cb00000, 0x000000008cb00000, 0x000000008cc00000|  0%| F|  |TAMS 0x000000008cb00000, 0x000000008cb00000| Untracked 
| 176|0x000000008cc00000, 0x000000008cc00000, 0x000000008cd00000|  0%| F|  |TAMS 0x000000008cc00000, 0x000000008cc00000| Untracked 
| 177|0x000000008cd00000, 0x000000008cd00000, 0x000000008ce00000|  0%| F|  |TAMS 0x000000008cd00000, 0x000000008cd00000| Untracked 
| 178|0x000000008ce00000, 0x000000008ce00000, 0x000000008cf00000|  0%| F|  |TAMS 0x000000008ce00000, 0x000000008ce00000| Untracked 
| 179|0x000000008cf00000, 0x000000008cf00000, 0x000000008d000000|  0%| F|  |TAMS 0x000000008cf00000, 0x000000008cf00000| Untracked 
| 180|0x000000008d000000, 0x000000008d000000, 0x000000008d100000|  0%| F|  |TAMS 0x000000008d000000, 0x000000008d000000| Untracked 
| 181|0x000000008d100000, 0x000000008d100000, 0x000000008d200000|  0%| F|  |TAMS 0x000000008d100000, 0x000000008d100000| Untracked 
| 182|0x000000008d200000, 0x000000008d200000, 0x000000008d300000|  0%| F|  |TAMS 0x000000008d200000, 0x000000008d200000| Untracked 
| 183|0x000000008d300000, 0x000000008d300000, 0x000000008d400000|  0%| F|  |TAMS 0x000000008d300000, 0x000000008d300000| Untracked 
| 184|0x000000008d400000, 0x000000008d400000, 0x000000008d500000|  0%| F|  |TAMS 0x000000008d400000, 0x000000008d400000| Untracked 
| 185|0x000000008d500000, 0x000000008d500000, 0x000000008d600000|  0%| F|  |TAMS 0x000000008d500000, 0x000000008d500000| Untracked 
| 186|0x000000008d600000, 0x000000008d600000, 0x000000008d700000|  0%| F|  |TAMS 0x000000008d600000, 0x000000008d600000| Untracked 
| 187|0x000000008d700000, 0x000000008d700000, 0x000000008d800000|  0%| F|  |TAMS 0x000000008d700000, 0x000000008d700000| Untracked 
| 188|0x000000008d800000, 0x000000008d800000, 0x000000008d900000|  0%| F|  |TAMS 0x000000008d800000, 0x000000008d800000| Untracked 
| 189|0x000000008d900000, 0x000000008d900000, 0x000000008da00000|  0%| F|  |TAMS 0x000000008d900000, 0x000000008d900000| Untracked 
| 190|0x000000008da00000, 0x000000008da00000, 0x000000008db00000|  0%| F|  |TAMS 0x000000008da00000, 0x000000008da00000| Untracked 
| 191|0x000000008db00000, 0x000000008db00000, 0x000000008dc00000|  0%| F|  |TAMS 0x000000008db00000, 0x000000008db00000| Untracked 
| 192|0x000000008dc00000, 0x000000008dc00000, 0x000000008dd00000|  0%| F|  |TAMS 0x000000008dc00000, 0x000000008dc00000| Untracked 
| 193|0x000000008dd00000, 0x000000008dd00000, 0x000000008de00000|  0%| F|  |TAMS 0x000000008dd00000, 0x000000008dd00000| Untracked 
| 194|0x000000008de00000, 0x000000008de00000, 0x000000008df00000|  0%| F|  |TAMS 0x000000008de00000, 0x000000008de00000| Untracked 
| 195|0x000000008df00000, 0x000000008df00000, 0x000000008e000000|  0%| F|  |TAMS 0x000000008df00000, 0x000000008df00000| Untracked 
| 196|0x000000008e000000, 0x000000008e000000, 0x000000008e100000|  0%| F|  |TAMS 0x000000008e000000, 0x000000008e000000| Untracked 
| 197|0x000000008e100000, 0x000000008e100000, 0x000000008e200000|  0%| F|  |TAMS 0x000000008e100000, 0x000000008e100000| Untracked 
| 198|0x000000008e200000, 0x000000008e200000, 0x000000008e300000|  0%| F|  |TAMS 0x000000008e200000, 0x000000008e200000| Untracked 
| 199|0x000000008e300000, 0x000000008e300000, 0x000000008e400000|  0%| F|  |TAMS 0x000000008e300000, 0x000000008e300000| Untracked 
| 200|0x000000008e400000, 0x000000008e400000, 0x000000008e500000|  0%| F|  |TAMS 0x000000008e400000, 0x000000008e400000| Untracked 
| 201|0x000000008e500000, 0x000000008e500000, 0x000000008e600000|  0%| F|  |TAMS 0x000000008e500000, 0x000000008e500000| Untracked 
| 202|0x000000008e600000, 0x000000008e600000, 0x000000008e700000|  0%| F|  |TAMS 0x000000008e600000, 0x000000008e600000| Untracked 
| 203|0x000000008e700000, 0x000000008e700000, 0x000000008e800000|  0%| F|  |TAMS 0x000000008e700000, 0x000000008e700000| Untracked 
| 204|0x000000008e800000, 0x000000008e800000, 0x000000008e900000|  0%| F|  |TAMS 0x000000008e800000, 0x000000008e800000| Untracked 
| 205|0x000000008e900000, 0x000000008e900000, 0x000000008ea00000|  0%| F|  |TAMS 0x000000008e900000, 0x000000008e900000| Untracked 
| 206|0x000000008ea00000, 0x000000008ea00000, 0x000000008eb00000|  0%| F|  |TAMS 0x000000008ea00000, 0x000000008ea00000| Untracked 
| 207|0x000000008eb00000, 0x000000008eb00000, 0x000000008ec00000|  0%| F|  |TAMS 0x000000008eb00000, 0x000000008eb00000| Untracked 
| 208|0x000000008ec00000, 0x000000008ec00000, 0x000000008ed00000|  0%| F|  |TAMS 0x000000008ec00000, 0x000000008ec00000| Untracked 
| 209|0x000000008ed00000, 0x000000008ed00000, 0x000000008ee00000|  0%| F|  |TAMS 0x000000008ed00000, 0x000000008ed00000| Untracked 
| 210|0x000000008ee00000, 0x000000008ee00000, 0x000000008ef00000|  0%| F|  |TAMS 0x000000008ee00000, 0x000000008ee00000| Untracked 
| 211|0x000000008ef00000, 0x000000008ef00000, 0x000000008f000000|  0%| F|  |TAMS 0x000000008ef00000, 0x000000008ef00000| Untracked 
| 212|0x000000008f000000, 0x000000008f000000, 0x000000008f100000|  0%| F|  |TAMS 0x000000008f000000, 0x000000008f000000| Untracked 
| 213|0x000000008f100000, 0x000000008f100000, 0x000000008f200000|  0%| F|  |TAMS 0x000000008f100000, 0x000000008f100000| Untracked 
| 214|0x000000008f200000, 0x000000008f200000, 0x000000008f300000|  0%| F|  |TAMS 0x000000008f200000, 0x000000008f200000| Untracked 
| 215|0x000000008f300000, 0x000000008f300000, 0x000000008f400000|  0%| F|  |TAMS 0x000000008f300000, 0x000000008f300000| Untracked 
| 216|0x000000008f400000, 0x000000008f400000, 0x000000008f500000|  0%| F|  |TAMS 0x000000008f400000, 0x000000008f400000| Untracked 
| 217|0x000000008f500000, 0x000000008f500000, 0x000000008f600000|  0%| F|  |TAMS 0x000000008f500000, 0x000000008f500000| Untracked 
| 218|0x000000008f600000, 0x000000008f600000, 0x000000008f700000|  0%| F|  |TAMS 0x000000008f600000, 0x000000008f600000| Untracked 
| 219|0x000000008f700000, 0x000000008f700000, 0x000000008f800000|  0%| F|  |TAMS 0x000000008f700000, 0x000000008f700000| Untracked 
| 220|0x000000008f800000, 0x000000008f800000, 0x000000008f900000|  0%| F|  |TAMS 0x000000008f800000, 0x000000008f800000| Untracked 
| 221|0x000000008f900000, 0x000000008f900000, 0x000000008fa00000|  0%| F|  |TAMS 0x000000008f900000, 0x000000008f900000| Untracked 
| 222|0x000000008fa00000, 0x000000008fa00000, 0x000000008fb00000|  0%| F|  |TAMS 0x000000008fa00000, 0x000000008fa00000| Untracked 
| 223|0x000000008fb00000, 0x000000008fb00000, 0x000000008fc00000|  0%| F|  |TAMS 0x000000008fb00000, 0x000000008fb00000| Untracked 
| 224|0x000000008fc00000, 0x000000008fc00000, 0x000000008fd00000|  0%| F|  |TAMS 0x000000008fc00000, 0x000000008fc00000| Untracked 
| 225|0x000000008fd00000, 0x000000008fd00000, 0x000000008fe00000|  0%| F|  |TAMS 0x000000008fd00000, 0x000000008fd00000| Untracked 
| 226|0x000000008fe00000, 0x000000008fe00000, 0x000000008ff00000|  0%| F|  |TAMS 0x000000008fe00000, 0x000000008fe00000| Untracked 
| 227|0x000000008ff00000, 0x000000008ff00000, 0x0000000090000000|  0%| F|  |TAMS 0x000000008ff00000, 0x000000008ff00000| Untracked 
| 228|0x0000000090000000, 0x0000000090000000, 0x0000000090100000|  0%| F|  |TAMS 0x0000000090000000, 0x0000000090000000| Untracked 
| 229|0x0000000090100000, 0x0000000090100000, 0x0000000090200000|  0%| F|  |TAMS 0x0000000090100000, 0x0000000090100000| Untracked 
| 230|0x0000000090200000, 0x0000000090200000, 0x0000000090300000|  0%| F|  |TAMS 0x0000000090200000, 0x0000000090200000| Untracked 
| 231|0x0000000090300000, 0x0000000090300000, 0x0000000090400000|  0%| F|  |TAMS 0x0000000090300000, 0x0000000090300000| Untracked 

Card table byte_map: [0x00000262623e0000,0x00000262627e0000] _byte_map_base: 0x0000026261fd2000

Marking Bits (Prev, Next): (CMBitMap*) 0x00000262577a36d0, (CMBitMap*) 0x00000262577a3710
 Prev Bits: [0x0000026262be0000, 0x0000026264b70000)
 Next Bits: [0x0000026264b70000, 0x0000026266b00000)

Polling page: 0x0000026256f10000

Metaspace:

Usage:
  Non-class:     58.22 MB used.
      Class:     10.07 MB used.
       Both:     68.29 MB used.

Virtual space:
  Non-class space:       64.00 MB reserved,      58.56 MB ( 92%) committed,  1 nodes.
      Class space:        1.00 GB reserved,      10.38 MB (  1%) committed,  1 nodes.
             Both:        1.06 GB reserved,      68.94 MB (  6%) committed. 

Chunk freelists:
   Non-Class:  5.34 MB
       Class:  5.64 MB
        Both:  10.98 MB

MaxMetaspaceSize: unlimited
CompressedClassSpaceSize: 1.00 GB
Initial GC threshold: 21.00 MB
Current GC threshold: 114.38 MB
CDS: on
MetaspaceReclaimPolicy: balanced
 - commit_granule_bytes: 65536.
 - commit_granule_words: 8192.
 - virtual_space_node_default_size: 8388608.
 - enlarge_chunks_in_place: 1.
 - new_chunks_are_fully_committed: 0.
 - uncommit_free_chunks: 1.
 - use_allocation_guard: 0.
 - handle_deallocations: 1.


Internal statistics:

num_allocs_failed_limit: 11.
num_arena_births: 988.
num_arena_deaths: 74.
num_vsnodes_births: 2.
num_vsnodes_deaths: 0.
num_space_committed: 1103.
num_space_uncommitted: 0.
num_chunks_returned_to_freelist: 95.
num_chunks_taken_from_freelist: 3591.
num_chunk_merges: 27.
num_chunk_splits: 2513.
num_chunks_enlarged: 1886.
num_inconsistent_stats: 0.

CodeCache: size=49152Kb used=13453Kb max_used=13453Kb free=35698Kb
 bounds [0x000002625efe0000, 0x000002625fd10000, 0x0000026261fe0000]
 total_blobs=8741 nmethods=8031 adapters=636
 compilation: enabled
              stopped_count=0, restarted_count=0
 full_count=0

Compilation events (20 events):
Event: 36.648 Thread 0x0000026268e9ca90 8034       1       org.antlr.v4.runtime.ParserRuleContext::getToken (112 bytes)
Event: 36.649 Thread 0x0000026268e9ca90 nmethod 8034 0x000002625fd00a90 code [0x000002625fd00c80, 0x000002625fd01078]
Event: 36.650 Thread 0x0000026268e9ca90 8035       1       org.hibernate.query.sqm.tree.domain.AbstractSqmPath::getResolvedModel (66 bytes)
Event: 36.650 Thread 0x0000026268e9ca90 nmethod 8035 0x000002625fd01290 code [0x000002625fd014a0, 0x000002625fd01838]
Event: 36.650 Thread 0x0000026268e9ca90 8036       1       org.hibernate.query.sqm.tree.expression.SqmNamedParameter::getName (5 bytes)
Event: 36.651 Thread 0x0000026268e9ca90 nmethod 8036 0x000002625fd01a10 code [0x000002625fd01ba0, 0x000002625fd01c78]
Event: 36.652 Thread 0x0000026268e9ca90 8037       1       org.springframework.data.repository.core.RepositoryInformationSupport::getMetadata (13 bytes)
Event: 36.652 Thread 0x0000026268e9ca90 nmethod 8037 0x000002625fd01d10 code [0x000002625fd01ea0, 0x000002625fd01fe8]
Event: 36.653 Thread 0x0000026268e9ca90 8038       1       java.lang.ThreadLocal$ThreadLocalMap::getEntryAfterMiss (59 bytes)
Event: 36.654 Thread 0x0000026268e9ca90 nmethod 8038 0x000002625fd02090 code [0x000002625fd02260, 0x000002625fd024a8]
Event: 36.655 Thread 0x0000026268e9ca90 8039       1       java.util.regex.CharPredicates$$Lambda$208/0x00000262010b9820::is (5 bytes)
Event: 36.656 Thread 0x0000026268e9ca90 nmethod 8039 0x000002625fd02610 code [0x000002625fd027a0, 0x000002625fd02918]
Event: 36.656 Thread 0x0000026268e9ca90 8040       1       java.util.regex.CharPredicates::lambda$ASCII_WORD$19 (20 bytes)
Event: 36.656 Thread 0x0000026268e9ca90 nmethod 8040 0x000002625fd02a10 code [0x000002625fd02ba0, 0x000002625fd02cd8]
Event: 36.656 Thread 0x0000026268e9ca90 8041       1       java.util.regex.ASCII::isWord (7 bytes)
Event: 36.656 Thread 0x0000026268e9ca90 nmethod 8041 0x000002625fd02d90 code [0x000002625fd02f20, 0x000002625fd03038]
Event: 36.660 Thread 0x0000026268e9ca90 8042       1       org.antlr.v4.runtime.atn.LexerChannelAction::execute (9 bytes)
Event: 36.661 Thread 0x0000026268e9ca90 nmethod 8042 0x000002625fd03110 code [0x000002625fd032a0, 0x000002625fd03378]
Event: 36.720 Thread 0x0000026268e9ca90 8043       1       org.hibernate.internal.SessionFactoryImpl::validateNotClosed (21 bytes)
Event: 36.720 Thread 0x0000026268e9ca90 nmethod 8043 0x000002625fd03410 code [0x000002625fd035a0, 0x000002625fd03708]

GC Heap History (20 events):
Event: 31.604 GC heap after
{Heap after GC invocations=30 (full 0):
 garbage-first heap   total 75776K, used 38908K [0x0000000081c00000, 0x0000000100000000)
  region size 1024K, 4 young (4096K), 4 survivors (4096K)
 Metaspace       used 69629K, committed 70272K, reserved 1114112K
  class space    used 10251K, committed 10560K, reserved 1048576K
}
Event: 31.763 GC heap before
{Heap before GC invocations=30 (full 0):
 garbage-first heap   total 75776K, used 60412K [0x0000000081c00000, 0x0000000100000000)
  region size 1024K, 26 young (26624K), 4 survivors (4096K)
 Metaspace       used 69629K, committed 70272K, reserved 1114112K
  class space    used 10251K, committed 10560K, reserved 1048576K
}
Event: 31.778 GC heap after
{Heap after GC invocations=31 (full 0):
 garbage-first heap   total 75776K, used 47819K [0x0000000081c00000, 0x0000000100000000)
  region size 1024K, 4 young (4096K), 4 survivors (4096K)
 Metaspace       used 69629K, committed 70272K, reserved 1114112K
  class space    used 10251K, committed 10560K, reserved 1048576K
}
Event: 31.878 GC heap before
{Heap before GC invocations=31 (full 0):
 garbage-first heap   total 99328K, used 59083K [0x0000000081c00000, 0x0000000100000000)
  region size 1024K, 15 young (15360K), 4 survivors (4096K)
 Metaspace       used 69593K, committed 70272K, reserved 1114112K
  class space    used 10243K, committed 10560K, reserved 1048576K
}
Event: 31.891 GC heap after
{Heap after GC invocations=32 (full 0):
 garbage-first heap   total 99328K, used 52342K [0x0000000081c00000, 0x0000000100000000)
  region size 1024K, 2 young (2048K), 2 survivors (2048K)
 Metaspace       used 69593K, committed 70272K, reserved 1114112K
  class space    used 10243K, committed 10560K, reserved 1048576K
}
Event: 32.138 GC heap before
{Heap before GC invocations=33 (full 0):
 garbage-first heap   total 99328K, used 75894K [0x0000000081c00000, 0x0000000100000000)
  region size 1024K, 24 young (24576K), 2 survivors (2048K)
 Metaspace       used 69593K, committed 70272K, reserved 1114112K
  class space    used 10243K, committed 10560K, reserved 1048576K
}
Event: 32.147 GC heap after
{Heap after GC invocations=34 (full 0):
 garbage-first heap   total 99328K, used 60468K [0x0000000081c00000, 0x0000000100000000)
  region size 1024K, 3 young (3072K), 3 survivors (3072K)
 Metaspace       used 69593K, committed 70272K, reserved 1114112K
  class space    used 10243K, committed 10560K, reserved 1048576K
}
Event: 32.153 GC heap before
{Heap before GC invocations=34 (full 0):
 garbage-first heap   total 99328K, used 61492K [0x0000000081c00000, 0x0000000100000000)
  region size 1024K, 4 young (4096K), 3 survivors (3072K)
 Metaspace       used 69593K, committed 70272K, reserved 1114112K
  class space    used 10243K, committed 10560K, reserved 1048576K
}
Event: 32.160 GC heap after
{Heap after GC invocations=35 (full 0):
 garbage-first heap   total 99328K, used 61544K [0x0000000081c00000, 0x0000000100000000)
  region size 1024K, 1 young (1024K), 1 survivors (1024K)
 Metaspace       used 69593K, committed 70272K, reserved 1114112K
  class space    used 10243K, committed 10560K, reserved 1048576K
}
Event: 32.261 GC heap before
{Heap before GC invocations=35 (full 0):
 garbage-first heap   total 99328K, used 76904K [0x0000000081c00000, 0x0000000100000000)
  region size 1024K, 16 young (16384K), 1 survivors (1024K)
 Metaspace       used 69598K, committed 70272K, reserved 1114112K
  class space    used 10244K, committed 10560K, reserved 1048576K
}
Event: 32.264 GC heap after
{Heap after GC invocations=36 (full 0):
 garbage-first heap   total 237568K, used 61257K [0x0000000081c00000, 0x0000000100000000)
  region size 1024K, 1 young (1024K), 1 survivors (1024K)
 Metaspace       used 69598K, committed 70272K, reserved 1114112K
  class space    used 10244K, committed 10560K, reserved 1048576K
}
Event: 33.801 GC heap before
{Heap before GC invocations=37 (full 0):
 garbage-first heap   total 222208K, used 159561K [0x0000000081c00000, 0x0000000100000000)
  region size 1024K, 101 young (103424K), 1 survivors (1024K)
 Metaspace       used 69606K, committed 70272K, reserved 1114112K
  class space    used 10246K, committed 10560K, reserved 1048576K
}
Event: 33.867 GC heap after
{Heap after GC invocations=38 (full 0):
 garbage-first heap   total 222208K, used 72647K [0x0000000081c00000, 0x0000000100000000)
  region size 1024K, 13 young (13312K), 13 survivors (13312K)
 Metaspace       used 69606K, committed 70272K, reserved 1114112K
  class space    used 10246K, committed 10560K, reserved 1048576K
}
Event: 33.912 GC heap before
{Heap before GC invocations=38 (full 0):
 garbage-first heap   total 222208K, used 73671K [0x0000000081c00000, 0x0000000100000000)
  region size 1024K, 14 young (14336K), 13 survivors (13312K)
 Metaspace       used 69606K, committed 70272K, reserved 1114112K
  class space    used 10246K, committed 10560K, reserved 1048576K
}
Event: 33.957 GC heap after
{Heap after GC invocations=39 (full 0):
 garbage-first heap   total 222208K, used 63411K [0x0000000081c00000, 0x0000000100000000)
  region size 1024K, 1 young (1024K), 1 survivors (1024K)
 Metaspace       used 69606K, committed 70272K, reserved 1114112K
  class space    used 10246K, committed 10560K, reserved 1048576K
}
Event: 35.306 GC heap before
{Heap before GC invocations=39 (full 0):
 garbage-first heap   total 222208K, used 165811K [0x0000000081c00000, 0x0000000100000000)
  region size 1024K, 98 young (100352K), 1 survivors (1024K)
 Metaspace       used 69606K, committed 70272K, reserved 1114112K
  class space    used 10246K, committed 10560K, reserved 1048576K
}
Event: 35.342 GC heap after
{Heap after GC invocations=40 (full 0):
 garbage-first heap   total 222208K, used 98333K [0x0000000081c00000, 0x0000000100000000)
  region size 1024K, 13 young (13312K), 13 survivors (13312K)
 Metaspace       used 69606K, committed 70272K, reserved 1114112K
  class space    used 10246K, committed 10560K, reserved 1048576K
}
Event: 36.210 GC heap before
{Heap before GC invocations=40 (full 0):
 garbage-first heap   total 222208K, used 158749K [0x0000000081c00000, 0x0000000100000000)
  region size 1024K, 72 young (73728K), 13 survivors (13312K)
 Metaspace       used 69798K, committed 70464K, reserved 1114112K
  class space    used 10302K, committed 10624K, reserved 1048576K
}
Event: 36.241 GC heap after
{Heap after GC invocations=41 (full 0):
 garbage-first heap   total 222208K, used 102941K [0x0000000081c00000, 0x0000000100000000)
  region size 1024K, 4 young (4096K), 4 survivors (4096K)
 Metaspace       used 69798K, committed 70464K, reserved 1114112K
  class space    used 10302K, committed 10624K, reserved 1048576K
}
Event: 36.856 GC heap before
{Heap before GC invocations=41 (full 0):
 garbage-first heap   total 222208K, used 164381K [0x0000000081c00000, 0x0000000100000000)
  region size 1024K, 64 young (65536K), 4 survivors (4096K)
 Metaspace       used 69931K, committed 70592K, reserved 1114112K
  class space    used 10313K, committed 10624K, reserved 1048576K
}

Deoptimization events (6 events):
Event: 2.056 Thread 0x000002625774a310 DEOPT PACKING pc=0x000002625f511099 sp=0x0000009f217fd280
Event: 2.056 Thread 0x000002625774a310 DEOPT UNPACKING pc=0x000002625f032b43 sp=0x0000009f217fc760 mode 3
Event: 2.297 Thread 0x000002625774a310 DEOPT PACKING pc=0x000002625f568dd5 sp=0x0000009f217fd8a0
Event: 2.297 Thread 0x000002625774a310 DEOPT UNPACKING pc=0x000002625f032b43 sp=0x0000009f217fcd48 mode 3
Event: 6.904 Thread 0x000002625774a310 DEOPT PACKING pc=0x000002625f83179d sp=0x0000009f217fc720
Event: 6.904 Thread 0x000002625774a310 DEOPT UNPACKING pc=0x000002625f032b43 sp=0x0000009f217fbc88 mode 3

Classes unloaded (20 events):
Event: 29.456 Thread 0x0000026268e7f8f0 Unloading class 0x00000262010c0800 'jdk/internal/reflect/GeneratedSerializationConstructorAccessor3'
Event: 29.456 Thread 0x0000026268e7f8f0 Unloading class 0x0000026201009000 'java/lang/invoke/LambdaForm$DMH+0x0000026201009000'
Event: 29.456 Thread 0x0000026268e7f8f0 Unloading class 0x0000026201008800 'java/lang/invoke/LambdaForm$DMH+0x0000026201008800'
Event: 29.456 Thread 0x0000026268e7f8f0 Unloading class 0x0000026201007c00 'jdk/internal/reflect/GeneratedConstructorAccessor1'
Event: 31.858 Thread 0x0000026268e7f8f0 Unloading class 0x00000262013fd400 'java/lang/invoke/LambdaForm$MH+0x00000262013fd400'
Event: 31.858 Thread 0x0000026268e7f8f0 Unloading class 0x00000262013fd000 'java/lang/invoke/LambdaForm$MH+0x00000262013fd000'
Event: 31.859 Thread 0x0000026268e7f8f0 Unloading class 0x00000262013f1800 'java/lang/invoke/LambdaForm$DMH+0x00000262013f1800'
Event: 31.859 Thread 0x0000026268e7f8f0 Unloading class 0x00000262013f1000 'java/lang/invoke/LambdaForm$DMH+0x00000262013f1000'
Event: 31.859 Thread 0x0000026268e7f8f0 Unloading class 0x00000262013f0800 'java/lang/invoke/LambdaForm$DMH+0x00000262013f0800'
Event: 31.859 Thread 0x0000026268e7f8f0 Unloading class 0x00000262013ef400 'java/lang/invoke/LambdaForm$MH+0x00000262013ef400'
Event: 31.859 Thread 0x0000026268e7f8f0 Unloading class 0x00000262013ee000 'java/lang/invoke/LambdaForm$MH+0x00000262013ee000'
Event: 31.859 Thread 0x0000026268e7f8f0 Unloading class 0x00000262013edc00 'java/lang/invoke/LambdaForm$MH+0x00000262013edc00'
Event: 31.859 Thread 0x0000026268e7f8f0 Unloading class 0x00000262013ed800 'java/lang/invoke/LambdaForm$MH+0x00000262013ed800'
Event: 31.859 Thread 0x0000026268e7f8f0 Unloading class 0x00000262013ed400 'java/lang/invoke/LambdaForm$MH+0x00000262013ed400'
Event: 31.859 Thread 0x0000026268e7f8f0 Unloading class 0x00000262013ec000 'java/lang/invoke/LambdaForm$DMH+0x00000262013ec000'
Event: 31.859 Thread 0x0000026268e7f8f0 Unloading class 0x000002620133c400 'jdk/internal/reflect/GeneratedConstructorAccessor11'
Event: 31.859 Thread 0x0000026268e7f8f0 Unloading class 0x000002620132dc00 'jdk/internal/reflect/GeneratedConstructorAccessor9'
Event: 31.859 Thread 0x0000026268e7f8f0 Unloading class 0x000002620132d800 'jdk/internal/reflect/GeneratedConstructorAccessor8'
Event: 31.859 Thread 0x0000026268e7f8f0 Unloading class 0x0000026201320000 'jdk/internal/reflect/GeneratedConstructorAccessor7'
Event: 31.859 Thread 0x0000026268e7f8f0 Unloading class 0x00000262010f1800 'java/lang/invoke/LambdaForm$MH+0x00000262010f1800'

Classes redefined (0 events):
No events

Internal exceptions (20 events):
Event: 27.760 Thread 0x000002625774a310 Exception <a 'java/lang/IncompatibleClassChangeError'{0x0000000084bb1210}: Found class java.lang.Object, but interface was expected> (0x0000000084bb1210) 
thrown [s\open\src\hotspot\share\interpreter\linkResolver.cpp, line 826]
Event: 27.905 Thread 0x000002625774a310 Exception <a 'java/lang/reflect/InvocationTargetException'{0x000000008484f330}> (0x000000008484f330) 
thrown [s\open\src\hotspot\share\runtime\reflection.cpp, line 1121]
Event: 30.722 Thread 0x000002625774a310 Exception <a 'java/lang/reflect/InvocationTargetException'{0x0000000085b0a2a8}> (0x0000000085b0a2a8) 
thrown [s\open\src\hotspot\share\runtime\reflection.cpp, line 1121]
Event: 30.728 Thread 0x000002625774a310 Exception <a 'java/lang/reflect/InvocationTargetException'{0x0000000085b2a830}> (0x0000000085b2a830) 
thrown [s\open\src\hotspot\share\runtime\reflection.cpp, line 1121]
Event: 30.748 Thread 0x000002625774a310 Exception <a 'java/lang/NoSuchMethodError'{0x0000000085b8f1d0}: 'int java.lang.invoke.DirectMethodHandle$Holder.invokeStatic(java.lang.Object, java.lang.Object, int)'> (0x0000000085b8f1d0) 
thrown [s\open\src\hotspot\share\interpreter\linkResolver.cpp, line 759]
Event: 30.759 Thread 0x000002625774a310 Exception <a 'java/lang/IncompatibleClassChangeError'{0x0000000085bdca50}: Found class java.lang.Object, but interface was expected> (0x0000000085bdca50) 
thrown [s\open\src\hotspot\share\interpreter\linkResolver.cpp, line 826]
Event: 30.800 Thread 0x000002625774a310 Exception <a 'java/lang/NoSuchMethodError'{0x0000000085a8e488}: 'java.lang.Object java.lang.invoke.DirectMethodHandle$Holder.invokeStatic(java.lang.Object, int, java.lang.Object)'> (0x0000000085a8e488) 
thrown [s\open\src\hotspot\share\interpreter\linkResolver.cpp, line 759]
Event: 30.808 Thread 0x000002625774a310 Exception <a 'java/lang/reflect/InvocationTargetException'{0x0000000085ac5b38}> (0x0000000085ac5b38) 
thrown [s\open\src\hotspot\share\runtime\reflection.cpp, line 1121]
Event: 30.907 Thread 0x000002625774a310 Exception <a 'java/lang/reflect/InvocationTargetException'{0x00000000856fa938}> (0x00000000856fa938) 
thrown [s\open\src\hotspot\share\runtime\reflection.cpp, line 1121]
Event: 31.502 Thread 0x000002625774a310 Exception <a 'java/lang/reflect/InvocationTargetException'{0x00000000850a6508}> (0x00000000850a6508) 
thrown [s\open\src\hotspot\share\runtime\reflection.cpp, line 1121]
Event: 31.510 Thread 0x000002625774a310 Exception <a 'java/lang/reflect/InvocationTargetException'{0x00000000850cb578}> (0x00000000850cb578) 
thrown [s\open\src\hotspot\share\runtime\reflection.cpp, line 1121]
Event: 36.140 Thread 0x000002625774a310 Exception <a 'java/lang/reflect/InvocationTargetException'{0x000000008bbf70e8}> (0x000000008bbf70e8) 
thrown [s\open\src\hotspot\share\runtime\reflection.cpp, line 1121]
Event: 36.150 Thread 0x000002625774a310 Exception <a 'java/lang/reflect/InvocationTargetException'{0x000000008ba029a0}> (0x000000008ba029a0) 
thrown [s\open\src\hotspot\share\runtime\reflection.cpp, line 1121]
Event: 36.152 Thread 0x000002625774a310 Exception <a 'java/lang/reflect/InvocationTargetException'{0x000000008ba0e358}> (0x000000008ba0e358) 
thrown [s\open\src\hotspot\share\runtime\reflection.cpp, line 1121]
Event: 36.156 Thread 0x000002625774a310 Exception <a 'java/lang/reflect/InvocationTargetException'{0x000000008ba1fb18}> (0x000000008ba1fb18) 
thrown [s\open\src\hotspot\share\runtime\reflection.cpp, line 1121]
Event: 36.162 Thread 0x000002625774a310 Exception <a 'java/lang/reflect/InvocationTargetException'{0x000000008ba36158}> (0x000000008ba36158) 
thrown [s\open\src\hotspot\share\runtime\reflection.cpp, line 1121]
Event: 36.249 Thread 0x000002625774a310 Exception <a 'java/lang/reflect/InvocationTargetException'{0x00000000903577a0}> (0x00000000903577a0) 
thrown [s\open\src\hotspot\share\runtime\reflection.cpp, line 1121]
Event: 36.376 Thread 0x000002625774a310 Exception <a 'java/lang/reflect/InvocationTargetException'{0x000000008ec52e20}> (0x000000008ec52e20) 
thrown [s\open\src\hotspot\share\runtime\reflection.cpp, line 1121]
Event: 36.378 Thread 0x000002625774a310 Exception <a 'java/lang/reflect/InvocationTargetException'{0x000000008ec5e018}> (0x000000008ec5e018) 
thrown [s\open\src\hotspot\share\runtime\reflection.cpp, line 1121]
Event: 36.383 Thread 0x000002625774a310 Exception <a 'java/lang/reflect/InvocationTargetException'{0x000000008ec77190}> (0x000000008ec77190) 
thrown [s\open\src\hotspot\share\runtime\reflection.cpp, line 1121]

VM Operations (20 events):
Event: 32.147 Executing VM operation: G1CollectForAllocation done
Event: 32.153 Executing VM operation: G1CollectForAllocation
Event: 32.160 Executing VM operation: G1CollectForAllocation done
Event: 32.261 Executing VM operation: G1CollectForAllocation
Event: 32.264 Executing VM operation: G1CollectForAllocation done
Event: 32.339 Executing VM operation: G1Concurrent
Event: 32.365 Executing VM operation: G1Concurrent done
Event: 32.406 Executing VM operation: G1Concurrent
Event: 32.408 Executing VM operation: G1Concurrent done
Event: 33.417 Executing VM operation: Cleanup
Event: 33.417 Executing VM operation: Cleanup done
Event: 33.801 Executing VM operation: G1CollectForAllocation
Event: 33.867 Executing VM operation: G1CollectForAllocation done
Event: 33.912 Executing VM operation: G1CollectForAllocation
Event: 33.957 Executing VM operation: G1CollectForAllocation done
Event: 35.306 Executing VM operation: G1CollectForAllocation
Event: 35.342 Executing VM operation: G1CollectForAllocation done
Event: 36.210 Executing VM operation: G1CollectForAllocation
Event: 36.242 Executing VM operation: G1CollectForAllocation done
Event: 36.856 Executing VM operation: G1CollectForAllocation

Events (20 events):
Event: 31.472 Thread 0x000002626e88b6d0 Thread added: 0x000002626e88b6d0
Event: 31.516 loading class java/lang/invoke/MethodHandleImpl$CountingWrapper$1
Event: 31.517 loading class java/lang/invoke/MethodHandleImpl$CountingWrapper$1 done
Event: 31.605 Thread 0x000002626e88b6d0 Thread exited: 0x000002626e88b6d0
Event: 31.981 Thread 0x000002626e88c0f0 Thread added: 0x000002626e88c0f0
Event: 31.988 Thread 0x000002626e88c0f0 Thread exited: 0x000002626e88c0f0
Event: 32.512 Thread 0x000002626e88b6d0 Thread added: 0x000002626e88b6d0
Event: 32.541 Thread 0x000002626e88b6d0 Thread exited: 0x000002626e88b6d0
Event: 33.241 Thread 0x000002626e88b6d0 Thread added: 0x000002626e88b6d0
Event: 33.395 Thread 0x000002626e88b6d0 Thread exited: 0x000002626e88b6d0
Event: 33.761 Thread 0x000002626e88b6d0 Thread added: 0x000002626e88b6d0
Event: 33.799 Thread 0x000002626e88b6d0 Thread exited: 0x000002626e88b6d0
Event: 34.356 Thread 0x000002626e88c0f0 Thread added: 0x000002626e88c0f0
Event: 34.649 Thread 0x000002626e88c0f0 Thread exited: 0x000002626e88c0f0
Event: 34.930 Thread 0x000002626e88b6d0 Thread added: 0x000002626e88b6d0
Event: 35.027 Thread 0x000002626e88b6d0 Thread exited: 0x000002626e88b6d0
Event: 35.483 Thread 0x000002626e88b6d0 Thread added: 0x000002626e88b6d0
Event: 35.512 Thread 0x000002626e88b6d0 Thread exited: 0x000002626e88b6d0
Event: 36.328 Thread 0x000002626e88c0f0 Thread added: 0x000002626e88c0f0
Event: 36.425 Thread 0x000002626e88c0f0 Thread exited: 0x000002626e88c0f0


Dynamic libraries:
0x00007ff7f0d20000 - 0x00007ff7f0d30000 	C:\Program Files\Java\jdk-17\bin\java.exe
0x00007ff90ae90000 - 0x00007ff90b088000 	C:\Windows\SYSTEM32\ntdll.dll
0x00007ff909830000 - 0x00007ff9098f2000 	C:\Windows\System32\KERNEL32.DLL
0x00007ff908940000 - 0x00007ff908c36000 	C:\Windows\System32\KERNELBASE.dll
0x00007ff9087b0000 - 0x00007ff9088b0000 	C:\Windows\System32\ucrtbase.dll
0x00007ff8e40b0000 - 0x00007ff8e40c9000 	C:\Program Files\Java\jdk-17\bin\jli.dll
0x00007ff8f8010000 - 0x00007ff8f802b000 	C:\Program Files\Java\jdk-17\bin\VCRUNTIME140.dll
0x00007ff909520000 - 0x00007ff9095cf000 	C:\Windows\System32\ADVAPI32.dll
0x00007ff908ec0000 - 0x00007ff908f5e000 	C:\Windows\System32\msvcrt.dll
0x00007ff908f60000 - 0x00007ff908fff000 	C:\Windows\System32\sechost.dll
0x00007ff909a40000 - 0x00007ff909b63000 	C:\Windows\System32\RPCRT4.dll
0x00007ff908660000 - 0x00007ff908687000 	C:\Windows\System32\bcrypt.dll
0x00007ff909bd0000 - 0x00007ff909d6d000 	C:\Windows\System32\USER32.dll
0x00007ff9086e0000 - 0x00007ff908702000 	C:\Windows\System32\win32u.dll
0x00007ff909190000 - 0x00007ff9091bb000 	C:\Windows\System32\GDI32.dll
0x00007ff8f4de0000 - 0x00007ff8f507a000 	C:\Windows\WinSxS\amd64_microsoft.windows.common-controls_6595b64144ccf1df_6.0.19041.5794_none_60bcd33171f2783c\COMCTL32.dll
0x00007ff908da0000 - 0x00007ff908eba000 	C:\Windows\System32\gdi32full.dll
0x00007ff908710000 - 0x00007ff9087ad000 	C:\Windows\System32\msvcp_win.dll
0x00007ff8ff8d0000 - 0x00007ff8ff8da000 	C:\Windows\SYSTEM32\VERSION.dll
0x00007ff909900000 - 0x00007ff90992f000 	C:\Windows\System32\IMM32.DLL
0x00007ff900ee0000 - 0x00007ff900eec000 	C:\Program Files\Java\jdk-17\bin\vcruntime140_1.dll
0x00007ff8d68f0000 - 0x00007ff8d697e000 	C:\Program Files\Java\jdk-17\bin\msvcp140.dll
0x00007ff8c12a0000 - 0x00007ff8c1e81000 	C:\Program Files\Java\jdk-17\bin\server\jvm.dll
0x00007ff909820000 - 0x00007ff909828000 	C:\Windows\System32\PSAPI.DLL
0x00007ff8edd10000 - 0x00007ff8edd19000 	C:\Windows\SYSTEM32\WSOCK32.dll
0x00007ff909940000 - 0x00007ff9099ab000 	C:\Windows\System32\WS2_32.dll
0x00007ff8f5190000 - 0x00007ff8f51b7000 	C:\Windows\SYSTEM32\WINMM.dll
0x00007ff906d50000 - 0x00007ff906d62000 	C:\Windows\SYSTEM32\kernel.appcore.dll
0x00007ff8eda60000 - 0x00007ff8eda6a000 	C:\Program Files\Java\jdk-17\bin\jimage.dll
0x00007ff906120000 - 0x00007ff906321000 	C:\Windows\SYSTEM32\DBGHELP.DLL
0x00007ff8f1100000 - 0x00007ff8f1134000 	C:\Windows\SYSTEM32\dbgcore.DLL
0x00007ff9088b0000 - 0x00007ff908932000 	C:\Windows\System32\bcryptPrimitives.dll
0x00007ff900860000 - 0x00007ff90086e000 	C:\Program Files\Java\jdk-17\bin\instrument.dll
0x00007ff8e4080000 - 0x00007ff8e40a5000 	C:\Program Files\Java\jdk-17\bin\java.dll
0x00007ff8cb2f0000 - 0x00007ff8cb3c7000 	C:\Program Files\Java\jdk-17\bin\jsvml.dll
0x00007ff90a6e0000 - 0x00007ff90ae4e000 	C:\Windows\System32\SHELL32.dll
0x00007ff906590000 - 0x00007ff906d33000 	C:\Windows\SYSTEM32\windows.storage.dll
0x00007ff9091c0000 - 0x00007ff909513000 	C:\Windows\System32\combase.dll
0x00007ff907ef0000 - 0x00007ff907f1b000 	C:\Windows\SYSTEM32\Wldp.dll
0x00007ff909dd0000 - 0x00007ff909e9d000 	C:\Windows\System32\OLEAUT32.dll
0x00007ff909630000 - 0x00007ff9096dd000 	C:\Windows\System32\SHCORE.dll
0x00007ff9095d0000 - 0x00007ff909625000 	C:\Windows\System32\shlwapi.dll
0x00007ff908460000 - 0x00007ff908485000 	C:\Windows\SYSTEM32\profapi.dll
0x00007ff8de0c0000 - 0x00007ff8de0d8000 	C:\Program Files\Java\jdk-17\bin\zip.dll
0x00007ff9015b0000 - 0x00007ff9015c9000 	C:\Program Files\Java\jdk-17\bin\net.dll
0x00007ff8fd270000 - 0x00007ff8fd37a000 	C:\Windows\SYSTEM32\WINHTTP.dll
0x00007ff907bf0000 - 0x00007ff907c5c000 	C:\Windows\system32\mswsock.dll
0x00007ff8e4d80000 - 0x00007ff8e4d96000 	C:\Program Files\Java\jdk-17\bin\nio.dll
0x00007ff900840000 - 0x00007ff90085a000 	C:\Program Files\JetBrains\IntelliJ IDEA 2022.3.2\bin\breakgen64.dll
0x00007ff907910000 - 0x00007ff9079da000 	C:\Windows\SYSTEM32\DNSAPI.dll
0x00007ff9078d0000 - 0x00007ff90790b000 	C:\Windows\SYSTEM32\IPHLPAPI.DLL
0x00007ff909930000 - 0x00007ff909938000 	C:\Windows\System32\NSI.dll
0x00007ff8fff50000 - 0x00007ff8fff5a000 	C:\Windows\System32\rasadhlp.dll
0x00007ff8f86c0000 - 0x00007ff8f8740000 	C:\Windows\System32\fwpuclnt.dll
0x00007ff900830000 - 0x00007ff90083a000 	C:\Program Files\Java\jdk-17\bin\management.dll
0x00007ff900820000 - 0x00007ff90082b000 	C:\Program Files\Java\jdk-17\bin\management_ext.dll
0x00007ff907df0000 - 0x00007ff907e08000 	C:\Windows\SYSTEM32\CRYPTSP.dll
0x00007ff907510000 - 0x00007ff907548000 	C:\Windows\system32\rsaenh.dll
0x00007ff908420000 - 0x00007ff90844e000 	C:\Windows\SYSTEM32\USERENV.dll
0x00007ff907de0000 - 0x00007ff907dec000 	C:\Windows\SYSTEM32\CRYPTBASE.dll
0x00007ff8ff8b0000 - 0x00007ff8ff8c7000 	C:\Windows\SYSTEM32\dhcpcsvc6.DLL
0x00007ff8ff5f0000 - 0x00007ff8ff60d000 	C:\Windows\SYSTEM32\dhcpcsvc.DLL
0x00007ff8e9a40000 - 0x00007ff8e9a57000 	C:\Windows\system32\napinsp.dll
0x00007ff8e9920000 - 0x00007ff8e993b000 	C:\Windows\system32\pnrpnsp.dll
0x00007ff904aa0000 - 0x00007ff904abd000 	C:\Windows\system32\wshbth.dll
0x00007ff902a70000 - 0x00007ff902a8d000 	C:\Windows\system32\NLAapi.dll
0x00007ff8e9900000 - 0x00007ff8e9912000 	C:\Windows\System32\winrnr.dll
0x00007ff900810000 - 0x00007ff90081e000 	C:\Program Files\Java\jdk-17\bin\sunmscapi.dll
0x00007ff908c40000 - 0x00007ff908d9d000 	C:\Windows\System32\CRYPT32.dll
0x00007ff907f60000 - 0x00007ff907f87000 	C:\Windows\SYSTEM32\ncrypt.dll
0x00007ff907f20000 - 0x00007ff907f5b000 	C:\Windows\SYSTEM32\NTASN1.dll
0x00007ff8ec7f0000 - 0x00007ff8ec800000 	C:\Program Files\Java\jdk-17\bin\verify.dll

dbghelp: loaded successfully - version: 4.0.5 - missing functions: none
symbol engine: initialized successfully - sym options: 0x614 - pdb path: .;C:\Program Files\Java\jdk-17\bin;C:\Windows\SYSTEM32;C:\Windows\WinSxS\amd64_microsoft.windows.common-controls_6595b64144ccf1df_6.0.19041.5794_none_60bcd33171f2783c;C:\Program Files\Java\jdk-17\bin\server;C:\Program Files\JetBrains\IntelliJ IDEA 2022.3.2\bin

VM Arguments:
jvm_args: -XX:TieredStopAtLevel=1 -Dspring.output.ansi.enabled=always -Dcom.sun.management.jmxremote -Dspring.jmx.enabled=true -Dspring.liveBeansView.mbeanDomain -Dspring.application.admin.enabled=true -Dmanagement.endpoints.jmx.exposure.include=* -javaagent:C:\Program Files\JetBrains\IntelliJ IDEA 2022.3.2\lib\idea_rt.jar=51056:C:\Program Files\JetBrains\IntelliJ IDEA 2022.3.2\bin -Dfile.encoding=UTF-8 
java_command: com.example.duantotnghiep.DuAnTotNghiepApplication
java_class_path (initial): E:\Java\DuAnTotNghiep\target\classes;C:\Users\ADMIN\.m2\repository\org\springframework\boot\spring-boot-starter-web\3.4.5\spring-boot-starter-web-3.4.5.jar;C:\Users\ADMIN\.m2\repository\org\springframework\boot\spring-boot-starter\3.4.5\spring-boot-starter-3.4.5.jar;C:\Users\ADMIN\.m2\repository\org\springframework\boot\spring-boot\3.4.5\spring-boot-3.4.5.jar;C:\Users\ADMIN\.m2\repository\org\springframework\boot\spring-boot-autoconfigure\3.4.5\spring-boot-autoconfigure-3.4.5.jar;C:\Users\ADMIN\.m2\repository\org\springframework\boot\spring-boot-starter-logging\3.4.5\spring-boot-starter-logging-3.4.5.jar;C:\Users\ADMIN\.m2\repository\ch\qos\logback\logback-classic\1.5.18\logback-classic-1.5.18.jar;C:\Users\ADMIN\.m2\repository\ch\qos\logback\logback-core\1.5.18\logback-core-1.5.18.jar;C:\Users\ADMIN\.m2\repository\org\apache\logging\log4j\log4j-to-slf4j\2.24.3\log4j-to-slf4j-2.24.3.jar;C:\Users\ADMIN\.m2\repository\org\slf4j\jul-to-slf4j\2.0.17\jul-to-slf4j-2.0.17.jar;C:\Users\ADMIN\.m2\repository\jakarta\annotation\jakarta.annotation-api\2.1.1\jakarta.annotation-api-2.1.1.jar;C:\Users\ADMIN\.m2\repository\org\yaml\snakeyaml\2.3\snakeyaml-2.3.jar;C:\Users\ADMIN\.m2\repository\org\springframework\boot\spring-boot-starter-json\3.4.5\spring-boot-starter-json-3.4.5.jar;C:\Users\ADMIN\.m2\repository\com\fasterxml\jackson\core\jackson-databind\2.18.3\jackson-databind-2.18.3.jar;C:\Users\ADMIN\.m2\repository\com\fasterxml\jackson\core\jackson-annotations\2.18.3\jackson-annotations-2.18.3.jar;C:\Users\ADMIN\.m2\repository\com\fasterxml\jackson\core\jackson-core\2.18.3\jackson-core-2.18.3.jar;C:\Users\ADMIN\.m2\repository\com\fasterxml\jackson\datatype\jackson-datatype-jdk8\2.18.3\jackson-datatype-jdk8-2.18.3.jar;C:\Users\ADMIN\.m2\repository\com\fasterxml\jackson\datatype\jackson-datatype-jsr310\2.18.3\jackson-datatype-jsr310-2.18.3.jar;C:\Users\ADMIN\.m2\repository\com\fasterxml\jackson\module\jackson-module-parameter-names\2.18.3\jackson-modul
Launcher Type: SUN_STANDARD

[Global flags]
     intx CICompilerCount                          = 3                                         {product} {ergonomic}
     uint ConcGCThreads                            = 1                                         {product} {ergonomic}
     uint G1ConcRefinementThreads                  = 4                                         {product} {ergonomic}
   size_t G1HeapRegionSize                         = 1048576                                   {product} {ergonomic}
    uintx GCDrainStackTargetSize                   = 64                                        {product} {ergonomic}
   size_t InitialHeapSize                          = 134217728                                 {product} {ergonomic}
     bool ManagementServer                         = true                                      {product} {command line}
   size_t MarkStackSize                            = 4194304                                   {product} {ergonomic}
   size_t MaxHeapSize                              = 2118123520                                {product} {ergonomic}
   size_t MaxNewSize                               = 1270874112                                {product} {ergonomic}
   size_t MinHeapDeltaBytes                        = 1048576                                   {product} {ergonomic}
   size_t MinHeapSize                              = 8388608                                   {product} {ergonomic}
    uintx NonProfiledCodeHeapSize                  = 0                                      {pd product} {ergonomic}
     bool ProfileInterpreter                       = false                                  {pd product} {command line}
    uintx ProfiledCodeHeapSize                     = 0                                      {pd product} {ergonomic}
   size_t SoftMaxHeapSize                          = 2118123520                             {manageable} {ergonomic}
     intx TieredStopAtLevel                        = 1                                         {product} {command line}
     bool UseCompressedClassPointers               = true                           {product lp64_product} {ergonomic}
     bool UseCompressedOops                        = true                           {product lp64_product} {ergonomic}
     bool UseG1GC                                  = true                                      {product} {ergonomic}
     bool UseLargePagesIndividualAllocation        = false                                  {pd product} {ergonomic}

Logging:
Log output configuration:
 #0: stdout all=warning uptime,level,tags
 #1: stderr all=off uptime,level,tags

Environment Variables:
PATH=C:\Program Files\Common Files\Oracle\Java\javapath;C:\Program Files\Java\jdk-17\bin;D:\bin\;C:\Windows\system32;C:\Windows;C:\Windows\System32\Wbem;C:\Windows\System32\WindowsPowerShell\v1.0\;C:\Windows\System32\OpenSSH\;C:\Program Files (x86)\Microsoft SQL Server\160\Tools\Binn\;C:\Program Files\Microsoft SQL Server\160\Tools\Binn\;C:\Program Files\Microsoft SQL Server\Client SDK\ODBC\170\Tools\Binn\;C:\Program Files\Microsoft SQL Server\160\DTS\Binn\;C:\Program Files (x86)\Microsoft SQL Server\160\DTS\Binn\;C:\Program Files\Azure Data Studio\bin;C:\Program Files\Microsoft SQL Server\150\Tools\Binn\;C:\Program Files\nodejs\;C:\ProgramData\chocolatey\bin;C:\Program Files\Cloudflare\Cloudflare WARP\;C:\Program Files\WireGuard\;D:\Git\cmd;C:\Users\ADMIN\AppData\Local\Microsoft\WindowsApps;;C:\Users\ADMIN\AppData\Local\Programs\Microsoft VS Code\bin;C:\Program Files\Azure Data Studio\bin;C:\Program Files\JetBrains\IntelliJ IDEA 2022.3.2\bin;;C:\Users\ADMIN\AppData\Roaming\npm;D:\WebStorm 2024.3.5\bin;
USERNAME=ADMIN
OS=Windows_NT
PROCESSOR_IDENTIFIER=Intel64 Family 6 Model 94 Stepping 3, GenuineIntel



---------------  S Y S T E M  ---------------

OS:
 Windows 10 , 64 bit Build 19041 (10.0.19041.5794)
OS uptime: 17 days 2:02 hours

CPU: total 4 (initial active 4) (4 cores per cpu, 1 threads per core) family 6 model 94 stepping 3 microcode 0xf0, cx8, cmov, fxsr, mmx, 3dnowpref, sse, sse2, sse3, ssse3, sse4.1, sse4.2, popcnt, lzcnt, tsc, tscinvbit, avx, avx2, aes, erms, clmul, bmi1, bmi2, rtm, adx, fma, vzeroupper, clflush, clflushopt

Memory: 4k page, system-wide physical 8073M (123M free)
TotalPageFile size 27332M (AvailPageFile size 228M)
current process WorkingSet (physical memory assigned to process): 351M, peak: 351M
current process commit charge ("private bytes"): 422M, peak: 653M

vm_info: Java HotSpot(TM) 64-Bit Server VM (17.0.9+11-LTS-201) for windows-amd64 JRE (17.0.9+11-LTS-201), built on Oct 10 2023 23:16:06 by "mach5one" with MS VC++ 17.1 (VS2022)

END.
